Registo da Bicicleta Número: 1 "Nome Bic 1"

	Registo efetuado em 12/10/2000
	Tipo de registo: Avaria
	Distância total percorrida: 0.00km
	Descrição: Desc

Registo da Bicicleta Número: 1 "Nome Bic 1"

	Registo efetuado em 12/10/2000
	Tipo de registo: Disponibilidade
	Distância total percorrida: 0.00km
	Descrição: Disp

Registo da Bicicleta Número: 1 "1"

	Registo efetuado em 10/12/2021
	Tipo de registo: Avaria
	Distância total percorrida: 0.00km
	Descrição: toda partida

Registo da Bicicleta Número: 1 "1"

	Registo efetuado em 10/12/2021
	Tipo de registo: Avaria
	Distância total percorrida: 0.00km
	Descrição: agua nos pneus

Registo da Bicicleta Número: 1 "1"

	Registo efetuado em 10/12/2021
	Tipo de registo: Disponibilidade
	Distância total percorrida: 0.00km
	Descrição: agua nos pneus

Registo da Bicicleta Número: 1 "1"

	Registo efetuado em 10/12/2021
	Tipo de registo: Disponibilidade
	Distância total percorrida: 0.00km
	Descrição: 2

Registo da Bicicleta Número: 1 "1"

	Registo efetuado em 10/10/2022
	Tipo de registo: Disponibilidade
	Distância total percorrida: 0.00km
	Descrição: veja as cargas em 999.999.999

Registo da Bicicleta Número: 2 "roberto"

	Registo efetuado em 9/9/2090
	Tipo de registo: Avaria
	Distância total percorrida: 0.00km
	Descrição: pegou fogo

Registo da Bicicleta Número: 2 "roberto"

	Registo efetuado em 20/2/2020
	Tipo de registo: Disponibilidade
	Distância total percorrida: 0.00km
	Descrição: ta boa

Registo da Bicicleta Número: 3 "raimundo"

	Registo efetuado em 20/2/2020
	Tipo de registo: Disponibilidade
	Distância total percorrida: 0.00km
	Descrição: tbm ta boa

Registo da Bicicleta Número: 1 "1"

	Registo efetuado em 12/10/2020
	Tipo de registo: Disponibilidade
	Distância total percorrida: 0.00km
	Descrição: ok

